2026-07-19T07:02:07.887Z Greenhouse: 8am - 404 - Not Found
2026-07-19T07:02:10.024Z Workday: acehardware - 500 - Internal Server Error
2026-07-19T07:02:14.152Z Ashby: atomicsemi - 404 - Not Found
2026-07-19T07:02:26.373Z Workday: cff - 422 - Unprocessable Entity
2026-07-19T07:02:27.805Z Workday: cliftonlarsonallen - 422 - Unprocessable Entity
2026-07-19T07:02:29.707Z Greenhouse: cra - 404 - Not Found
2026-07-19T07:02:29.728Z Greenhouse: creditkarma - 404 - Not Found
2026-07-19T07:02:35.390Z Workday: elkay - 500 - Internal Server Error
2026-07-19T07:02:39.037Z Greenhouse: galileofinancialtechnologies - 404 - Not Found
2026-07-19T07:02:41.061Z Workday: geico - 500 - Internal Server Error
2026-07-19T07:02:47.131Z Greenhouse: jobs - 404 - Not Found
2026-07-19T07:02:48.877Z Workday: kar - 422 - Unprocessable Entity
2026-07-19T07:02:58.978Z Workday: nordstrom - 500 - Internal Server Error
2026-07-19T07:02:59.559Z Workday: osv-rubicon - 422 - Unprocessable Entity
2026-07-19T07:02:59.628Z Workday: osv-tifec - 422 - Unprocessable Entity
2026-07-19T07:03:01.315Z Greenhouse: precisely - 404 - Not Found
2026-07-19T07:03:01.604Z Workday: plexus - 422 - Unprocessable Entity
2026-07-19T07:03:04.790Z Workday: regions - 500 - Internal Server Error
2026-07-19T07:03:15.710Z Workday: symbotic - 422 - Unprocessable Entity
2026-07-19T07:03:17.923Z Greenhouse: tower-research - 404 - Not Found
2026-07-19T07:03:20.597Z Workday: truist - 500 - Internal Server Error
2026-07-19T07:03:24.445Z Workday: vhr-genband - 422 - Unprocessable Entity
2026-07-19T07:03:24.701Z Workday: vhr-otsuka - 422 - Unprocessable Entity
2026-07-19T07:03:25.310Z Workday: walmart - 410 - Gone
2026-07-20T12:18:38.079Z Greenhouse: 8am - 404 - Not Found
2026-07-20T12:18:39.391Z Workday: acehardware - 500 - Internal Server Error
2026-07-20T12:18:43.936Z Ashby: atomicsemi - 404 - Not Found
2026-07-20T12:18:55.772Z Workday: cff - 422 - Unprocessable Entity
2026-07-20T12:18:57.483Z Workday: cliftonlarsonallen - 422 - Unprocessable Entity
2026-07-20T12:19:04.905Z Workday: elkay - 500 - Internal Server Error
2026-07-20T12:19:10.835Z Workday: geico - 500 - Internal Server Error
2026-07-20T12:19:11.786Z Workday: gtsgbu - 403 - Forbidden
2026-07-20T12:19:18.969Z Workday: kar - 422 - Unprocessable Entity
2026-07-20T12:19:29.534Z Workday: nordstrom - 500 - Internal Server Error
2026-07-20T12:19:30.530Z Workday: osv-tifec - 422 - Unprocessable Entity
2026-07-20T12:19:30.560Z Workday: osv-rubicon - 422 - Unprocessable Entity
2026-07-20T12:19:31.926Z Workday: plexus - 422 - Unprocessable Entity
2026-07-20T12:19:35.628Z Workday: regions - 500 - Internal Server Error
2026-07-20T12:19:44.656Z Workday: symbotic - 422 - Unprocessable Entity
2026-07-20T12:19:49.458Z Workday: truist - 500 - Internal Server Error
2026-07-20T12:19:51.700Z Workday: vhr-otsuka - 422 - Unprocessable Entity
2026-07-20T12:19:51.772Z Workday: vhr-genband - 422 - Unprocessable Entity
2026-07-20T12:19:52.486Z Workday: walmart - 410 - Gone
2026-07-20T12:21:56.894Z Workday: acehardware - 500 - Internal Server Error
2026-07-20T12:22:01.321Z Ashby: atomicsemi - 404 - Not Found
2026-07-20T12:22:13.751Z Workday: cff - 422 - Unprocessable Entity
2026-07-20T12:22:14.776Z Workday: cliftonlarsonallen - 422 - Unprocessable Entity
2026-07-20T12:22:21.496Z Workday: elkay - 500 - Internal Server Error
2026-07-20T12:22:27.250Z Workday: geico - 500 - Internal Server Error
2026-07-20T12:22:28.279Z Workday: gtsgbu - 403 - Forbidden
2026-07-20T12:22:35.969Z Workday: kar - 422 - Unprocessable Entity
2026-07-20T12:22:46.335Z Workday: nordstrom - 500 - Internal Server Error
2026-07-20T12:22:46.941Z Workday: osv-rubicon - 422 - Unprocessable Entity
2026-07-20T12:22:47.028Z Workday: osv-tifec - 422 - Unprocessable Entity
2026-07-20T12:22:48.621Z Workday: plexus - 422 - Unprocessable Entity
2026-07-20T12:22:53.802Z Workday: regions - 500 - Internal Server Error
2026-07-20T12:23:02.001Z Workday: symbotic - 422 - Unprocessable Entity
2026-07-20T12:23:06.823Z Workday: truist - 500 - Internal Server Error
2026-07-20T12:23:08.861Z Workday: vhr-otsuka - 422 - Unprocessable Entity
2026-07-20T12:23:08.976Z Workday: vhr-genband - 422 - Unprocessable Entity
2026-07-20T12:23:09.574Z Workday: walmart - 410 - Gone
2026-07-20T12:56:17.783Z Workday: acehardware - 500 - Internal Server Error
2026-07-20T12:56:23.914Z Ashby: atomicsemi - 404 - Not Found
2026-07-20T12:56:37.952Z Workday: cff - 422 - Unprocessable Entity
2026-07-20T12:56:39.696Z Workday: cliftonlarsonallen - 422 - Unprocessable Entity
2026-07-20T12:56:48.094Z Workday: elkay - 500 - Internal Server Error
2026-07-20T12:56:54.494Z Workday: geico - 500 - Internal Server Error
2026-07-20T12:56:55.391Z Workday: gtsgbu - 403 - Forbidden
2026-07-20T12:57:03.478Z Workday: kar - 422 - Unprocessable Entity
2026-07-20T12:57:15.080Z Workday: nordstrom - 500 - Internal Server Error
2026-07-20T12:57:16.445Z Workday: osv-rubicon - 422 - Unprocessable Entity
2026-07-20T12:57:16.660Z Workday: osv-tifec - 422 - Unprocessable Entity
2026-07-20T12:57:18.379Z Workday: plexus - 422 - Unprocessable Entity
2026-07-20T12:57:22.821Z Workday: regions - 500 - Internal Server Error
2026-07-20T12:57:34.624Z Workday: symbotic - 422 - Unprocessable Entity
2026-07-20T12:57:39.379Z Workday: truist - 500 - Internal Server Error
2026-07-20T12:57:41.778Z Workday: vhr-genband - 422 - Unprocessable Entity
2026-07-20T12:57:41.946Z Workday: vhr-otsuka - 422 - Unprocessable Entity
2026-07-20T12:57:42.721Z Workday: walmart - 410 - Gone
2026-07-21T14:01:07.283Z Workday: acehardware - 500 - Internal Server Error
2026-07-21T14:01:13.564Z Greenhouse: arine - 404 - Not Found
2026-07-21T14:01:15.275Z Ashby: atomicsemi - 404 - Not Found
2026-07-21T14:01:25.518Z Greenhouse: careers - 404 - Not Found
2026-07-21T14:01:38.116Z Workday: cff - 422 - Unprocessable Entity
2026-07-21T14:01:40.683Z Workday: cliftonlarsonallen - 422 - Unprocessable Entity
2026-07-21T14:01:51.071Z Workday: elkay - 500 - Internal Server Error
2026-07-21T14:02:00.049Z Workday: geico - 500 - Internal Server Error
2026-07-21T14:02:00.324Z Workday: gtsgbu - 403 - Forbidden
2026-07-21T14:02:10.264Z Workday: kar - 422 - Unprocessable Entity
2026-07-21T14:02:23.515Z Workday: nordstrom - 500 - Internal Server Error
2026-07-21T14:02:24.383Z Workday: osv-rubicon - 422 - Unprocessable Entity
2026-07-21T14:02:24.453Z Workday: osv-tifec - 422 - Unprocessable Entity
2026-07-21T14:02:26.896Z Workday: plexus - 422 - Unprocessable Entity
2026-07-21T14:02:31.331Z Workday: regions - 500 - Internal Server Error
2026-07-21T14:02:41.464Z Workday: symbotic - 422 - Unprocessable Entity
2026-07-21T14:02:47.365Z Workday: truist - 500 - Internal Server Error
2026-07-21T14:02:49.950Z Workday: vhr-otsuka - 422 - Unprocessable Entity
2026-07-21T14:02:50.004Z Workday: vhr-genband - 422 - Unprocessable Entity
2026-07-21T14:02:50.970Z Workday: walmart - 410 - Gone
